<?xml version="1.0" encoding="UTF-8"?>
<testng-results skipped="0" failed="1" total="3" passed="2">
  <reporter-output>
  </reporter-output>
  <suite name="Default suite" duration-ms="22364" started-at="2019-07-14T12:56:44Z" finished-at="2019-07-14T12:57:07Z">
    <groups>
      <group name="smoke">
        <method signature="TestNG_PricePageTest.testPageTitle()[pri:0, instance:TestNG.TestNG_PricePageTest@73035e27]" name="testPageTitle" class="TestNG.TestNG_PricePageTest"/>
      </group> <!-- smoke -->
      <group name="Regression">
        <method signature="TestNG_PricePageTest.testPageTitle()[pri:0, instance:TestNG.TestNG_PricePageTest@73035e27]" name="testPageTitle" class="TestNG.TestNG_PricePageTest"/>
      </group> <!-- Regression -->
    </groups>
    <test name="Default test" duration-ms="22364" started-at="2019-07-14T12:56:44Z" finished-at="2019-07-14T12:57:07Z">
      <class name="TestNG.TestNG_PricePageTest">
        <test-method status="PASS" signature="testSetup()[pri:0, instance:TestNG.TestNG_PricePageTest@73035e27]" name="testSetup" is-config="true" duration-ms="7906" started-at="2019-07-14T07:56:44Z" finished-at="2019-07-14T07:56:52Z">
          <reporter-output>
          </reporter-output>
        </test-method> <!-- testSetup -->
        <test-method status="PASS" signature="pageTitle()[pri:0, instance:TestNG.TestNG_PricePageTest@73035e27]" name="pageTitle" duration-ms="18" started-at="2019-07-14T07:56:52Z" finished-at="2019-07-14T07:56:52Z">
          <reporter-output>
          </reporter-output>
        </test-method> <!-- pageTitle -->
        <test-method status="PASS" signature="CloseBrowser()[pri:0, instance:TestNG.TestNG_PricePageTest@73035e27]" name="CloseBrowser" is-config="true" duration-ms="89" started-at="2019-07-14T07:56:52Z" finished-at="2019-07-14T07:56:52Z">
          <reporter-output>
          </reporter-output>
        </test-method> <!-- CloseBrowser -->
        <test-method status="PASS" signature="testSetup()[pri:0, instance:TestNG.TestNG_PricePageTest@73035e27]" name="testSetup" is-config="true" duration-ms="5545" started-at="2019-07-14T07:56:52Z" finished-at="2019-07-14T07:56:58Z">
          <reporter-output>
          </reporter-output>
        </test-method> <!-- testSetup -->
        <test-method status="PASS" signature="userloginSuccessful()[pri:0, instance:TestNG.TestNG_PricePageTest@73035e27]" name="userloginSuccessful" duration-ms="2707" started-at="2019-07-14T07:56:58Z" finished-at="2019-07-14T07:57:01Z">
          <reporter-output>
          </reporter-output>
        </test-method> <!-- userloginSuccessful -->
        <test-method status="PASS" signature="CloseBrowser()[pri:0, instance:TestNG.TestNG_PricePageTest@73035e27]" name="CloseBrowser" is-config="true" duration-ms="93" started-at="2019-07-14T07:57:01Z" finished-at="2019-07-14T07:57:01Z">
          <reporter-output>
          </reporter-output>
        </test-method> <!-- CloseBrowser -->
        <test-method status="PASS" signature="testSetup()[pri:0, instance:TestNG.TestNG_PricePageTest@73035e27]" name="testSetup" is-config="true" duration-ms="5880" started-at="2019-07-14T07:57:01Z" finished-at="2019-07-14T07:57:07Z">
          <reporter-output>
          </reporter-output>
        </test-method> <!-- testSetup -->
        <test-method status="FAIL" signature="testPageTitle()[pri:0, instance:TestNG.TestNG_PricePageTest@73035e27]" name="testPageTitle" duration-ms="11" started-at="2019-07-14T07:57:07Z" finished-at="2019-07-14T07:57:07Z">
          <exception class="java.lang.AssertionError">
            <message>
              <![CDATA[Error: Title expected [Products | ABSoft Trainings – E-Commerce test web site] but found [My Account | ABSoft Trainings – E-Commerce test web site]]]>
            </message>
            <full-stacktrace>
              <![CDATA[java.lang.AssertionError: Error: Title expected [Products | ABSoft Trainings – E-Commerce test web site] but found [My Account | ABSoft Trainings – E-Commerce test web site]
	at org.testng.Assert.fail(Assert.java:94)
	at org.testng.Assert.failNotEquals(Assert.java:513)
	at org.testng.Assert.assertEqualsImpl(Assert.java:135)
	at org.testng.Assert.assertEquals(Assert.java:116)
	at org.testng.Assert.assertEquals(Assert.java:190)
	at TestNG.TestNG_PricePageTest.testPageTitle(TestNG_PricePageTest.java:18)
	at sun.reflect.NativeMethodAccessorImpl.invoke0(Native Method)
	at sun.reflect.NativeMethodAccessorImpl.invoke(Unknown Source)
	at sun.reflect.DelegatingMethodAccessorImpl.invoke(Unknown Source)
	at java.lang.reflect.Method.invoke(Unknown Source)
	at org.testng.internal.MethodInvocationHelper.invokeMethod(MethodInvocationHelper.java:86)
	at org.testng.internal.Invoker.invokeMethod(Invoker.java:645)
	at org.testng.internal.Invoker.invokeTestMethod(Invoker.java:822)
	at org.testng.internal.Invoker.invokeTestMethods(Invoker.java:1130)
	at org.testng.internal.TestMethodWorker.invokeTestMethods(TestMethodWorker.java:129)
	at org.testng.internal.TestMethodWorker.run(TestMethodWorker.java:112)
	at org.testng.TestRunner.privateRun(TestRunner.java:782)
	at org.testng.TestRunner.run(TestRunner.java:632)
	at org.testng.SuiteRunner.runTest(SuiteRunner.java:366)
	at org.testng.SuiteRunner.runSequentially(SuiteRunner.java:361)
	at org.testng.SuiteRunner.privateRun(SuiteRunner.java:319)
	at org.testng.SuiteRunner.run(SuiteRunner.java:268)
	at org.testng.SuiteRunnerWorker.runSuite(SuiteRunnerWorker.java:52)
	at org.testng.SuiteRunnerWorker.run(SuiteRunnerWorker.java:86)
	at org.testng.TestNG.runSuitesSequentially(TestNG.java:1244)
	at org.testng.TestNG.runSuitesLocally(TestNG.java:1169)
	at org.testng.TestNG.run(TestNG.java:1064)
	at org.testng.remote.RemoteTestNG.run(RemoteTestNG.java:113)
	at org.testng.remote.RemoteTestNG.initAndRun(RemoteTestNG.java:206)
	at org.testng.remote.RemoteTestNG.main(RemoteTestNG.java:177)
]]>
            </full-stacktrace>
          </exception> <!-- java.lang.AssertionError -->
          <reporter-output>
          </reporter-output>
        </test-method> <!-- testPageTitle -->
        <test-method status="PASS" signature="CloseBrowser()[pri:0, instance:TestNG.TestNG_PricePageTest@73035e27]" name="CloseBrowser" is-config="true" duration-ms="94" started-at="2019-07-14T07:57:07Z" finished-at="2019-07-14T07:57:07Z">
          <reporter-output>
          </reporter-output>
        </test-method> <!-- CloseBrowser -->
      </class> <!-- TestNG.TestNG_PricePageTest -->
    </test> <!-- Default test -->
  </suite> <!-- Default suite -->
</testng-results>
